<?xml version="1.0" encoding="UTF-8"?>
<testng-results skipped="0" failed="0" ignored="0" total="3" passed="3">
  <reporter-output>
  </reporter-output>
  <suite name="Suite" duration-ms="35186" started-at="2021-09-27T16:37:25Z" finished-at="2021-09-27T16:38:01Z">
    <groups>
    </groups>
    <test name="Test" duration-ms="35186" started-at="2021-09-27T16:37:25Z" finished-at="2021-09-27T16:38:01Z">
      <class name="E2E.E2E1.TC_003">
        <test-method status="PASS" signature="testcase1()[pri:0, instance:E2E.E2E1.TC_003@3b81a1bc]" name="testcase1" duration-ms="12576" started-at="2021-09-27T22:07:25Z" finished-at="2021-09-27T22:07:38Z">
          <reporter-output>
          </reporter-output>
        </test-method> <!-- testcase1 -->
      </class> <!-- E2E.E2E1.TC_003 -->
      <class name="E2E.E2E1.TC_002">
        <test-method status="PASS" signature="testcase1()[pri:0, instance:E2E.E2E1.TC_002@4e04a765]" name="testcase1" duration-ms="13052" started-at="2021-09-27T22:07:38Z" finished-at="2021-09-27T22:07:51Z">
          <reporter-output>
          </reporter-output>
        </test-method> <!-- testcase1 -->
      </class> <!-- E2E.E2E1.TC_002 -->
      <class name="E2E.E2E1.TC_001">
        <test-method status="PASS" signature="testcase1()[pri:0, instance:E2E.E2E1.TC_001@783e6358]" name="testcase1" duration-ms="9537" started-at="2021-09-27T22:07:51Z" finished-at="2021-09-27T22:08:01Z">
          <reporter-output>
          </reporter-output>
        </test-method> <!-- testcase1 -->
      </class> <!-- E2E.E2E1.TC_001 -->
    </test> <!-- Test -->
  </suite> <!-- Suite -->
</testng-results>
